Разбираю ошибку:

actual 1 is not equals expected 0
{regionFromDateTimeFrom='2016-11-06 01:00:00-05:00', polygonId=1, hexagonId=0, paramCode=INTOUCHS_LAG_144_1, utcDateTimeTo=2016-11-06T06:09:59.999Z, interval=36}
2016-11-06 06:00:00
2016-11-06 06:10:00

Это соотвествует данным из твоего файла test_dst_to_standard.csv:
2016-11-06 01:00:00-05:00,,,,,,,2016-11-06,6,0.0,0.0,1.0,1.0,2.0,1.0,0.0,1.0,1.0,0.0,0.0,1.0,0.0,0.0,1.0,2.0,0.0,0.0,0.0,2

1. Расчитал ИД полигона для выборки:
select * from audt.customer_location where event_timestamp >= '2016-11-06 06:00:00' and event_timestamp < '2016-11-06 06:10:00' and city_id='44';

2. Выбрал locations по селекту:

copy (select id, customer_id, latitude, longitude, event_timestamp, polygon_id, hexagon_id from audt.customer_location where event_timestamp >= '2016-11-06 06:00:00' and event_timestamp < '2016-11-06 06:10:00' and city_id='44'  order by customer_id, event_timestamp) to '/tmp/dst_test_result';
COPY 126

ID          customer_id                             latitude longitude  event_timestamp         polygon_id  hexagon_id
20464603	0331cd8e-476d-4baa-a03b-a4d512716fca	42.3632	-71.018	    2016-11-06 06:00:11.854	        9	94
20465091	03cfcc77-083d-4c34-9239-bfcbcd3dad25	42.3493	-71.1007	2016-11-06 06:08:03.003     	6	65
20465125	03cfcc77-083d-4c34-9239-bfcbcd3dad25	42.3493	-71.1007	2016-11-06 06:08:39.563	        6	65
20465155	03cfcc77-083d-4c34-9239-bfcbcd3dad25	42.3493	-71.1007	2016-11-06 06:09:14.197     	6	65
20464800	10e30455-347c-45b9-a06b-27ab2d10a53c	42.3503	-71.0571	2016-11-06 06:03:49.805	        9	225
20464718	1e0eb8d4-7817-406b-9032-532559f612c1	42.3503	-71.0571	2016-11-06 06:02:22.667	        9	225
20464988	2b11fd26-9f3f-4f08-b252-cac49c958e06	42.3615	-71.0571	2016-11-06 06:06:20.826	        9	225
20464993	2b11fd26-9f3f-4f08-b252-cac49c958e06	42.3615	-71.0571	2016-11-06 06:06:23.488	        9	225
20465000	2b11fd26-9f3f-4f08-b252-cac49c958e06	42.3615	-71.0571	2016-11-06 06:06:28.355	        9	225
20464626	35a1e8d8-6931-456a-a93c-52bbce57f3ca	42.2785	-71.0904	2016-11-06 06:00:35.485351	    	
20464703	35a1e8d8-6931-456a-a93c-52bbce57f3ca	42.2785	-71.0904	2016-11-06 06:02:08.742683	    	
20464709	35a1e8d8-6931-456a-a93c-52bbce57f3ca	42.2785	-71.0904	2016-11-06 06:02:12.096206	    	
20464758	35a1e8d8-6931-456a-a93c-52bbce57f3ca	42.2785	-71.0904	2016-11-06 06:03:03.106188	    	
20464839	35a1e8d8-6931-456a-a93c-52bbce57f3ca	42.2785	-71.0904	2016-11-06 06:04:29.271521	    	
20465079	35a1e8d8-6931-456a-a93c-52bbce57f3ca	42.2785	-71.0904	2016-11-06 06:07:49.885957		
20465156	35a1e8d8-6931-456a-a93c-52bbce57f3ca	42.2785	-71.0904	2016-11-06 06:09:14.401782		
20465186	35a1e8d8-6931-456a-a93c-52bbce57f3ca	42.2785	-71.0904	2016-11-06 06:09:43.963348		
20465196	35a1e8d8-6931-456a-a93c-52bbce57f3ca	42.2785	-71.0904	2016-11-06 06:09:48.675357		
20464809	4c23e609-49a6-4afc-9b80-8030c558ae30	42.3155	-71.063	    2016-11-06 06:04:08.409	        8	78
20465145	66899a54-2d95-4f9a-b9fd-32cd00824853	42.3782	-71.1567	2016-11-06 06:09:02.978	        3	186
20465149	66899a54-2d95-4f9a-b9fd-32cd00824853	42.3783	-71.1568	2016-11-06 06:09:06.161	        3	186
20465159	66899a54-2d95-4f9a-b9fd-32cd00824853	42.3783	-71.1568	2016-11-06 06:09:17.219	        3	186
20465094	673e6573-8b9f-4227-b756-4ffcda6fd8b0	42.2113	-71.1425	2016-11-06 06:07:59.406521		
20465095	673e6573-8b9f-4227-b756-4ffcda6fd8b0	42.2113	-71.1425	2016-11-06 06:08:10.902657		
20464620	8e871e47-337a-4f7b-84de-2556053b5c44	42.3452	-71.0971	2016-11-06 06:00:29.452	        6	65
20464806	8e871e47-337a-4f7b-84de-2556053b5c44	42.3452	-71.0971	2016-11-06 06:04:05.369	        6	65
20464926	8e871e47-337a-4f7b-84de-2556053b5c44	42.3452	-71.0971	2016-11-06 06:05:35.862	        6	65
20464953	8e871e47-337a-4f7b-84de-2556053b5c44	42.3452	-71.0971	2016-11-06 06:05:57.196	        6	65
20465137	8e871e47-337a-4f7b-84de-2556053b5c44	42.3452	-71.0971	2016-11-06 06:08:53.193	        6	65
20465202	9afe0990-00a0-437c-99dd-78352e00dc96	42.3561	-71.0632	2016-11-06 06:09:53.65	        9	225
20465173	9c59a4b2-d39c-4b72-987a-8fa23a86f087	42.3503	-71.0571	2016-11-06 06:09:35.934	        9	225
20464647	a01281b3-6671-470b-a1db-7f5be47c6823	42.3572	-71.06	2016-11-06 06:01:16.065	            9	225
20464655	a01281b3-6671-470b-a1db-7f5be47c6823	42.3726	-71.1082	2016-11-06 06:01:25.112	        7	66
20464660	a01281b3-6671-470b-a1db-7f5be47c6823	42.3703	-71.1038	2016-11-06 06:01:28.216	        7	66
20464661	a01281b3-6671-470b-a1db-7f5be47c6823	42.3722	-71.108	2016-11-06 06:01:29.156	            7	66
20464671	a01281b3-6671-470b-a1db-7f5be47c6823	42.3722	-71.108	2016-11-06 06:01:40.363	            7	66
20464677	a01281b3-6671-470b-a1db-7f5be47c6823	42.3722	-71.1082	2016-11-06 06:01:45.831	        7	66
20464747	a01281b3-6671-470b-a1db-7f5be47c6823	42.3722	-71.1082	2016-11-06 06:02:45.741     	7	66
20464767	a01281b3-6671-470b-a1db-7f5be47c6823	42.3722	-71.1082	2016-11-06 06:03:10.122	        7	66
20464773	a01281b3-6671-470b-a1db-7f5be47c6823	42.3722	-71.1082	2016-11-06 06:03:13.06	        7	66
20464812	a01281b3-6671-470b-a1db-7f5be47c6823	42.3722	-71.1082	2016-11-06 06:04:15.742	        7	66
20465033	a13c1658-4415-4eb9-9a60-854e26a16f1d	42.3493	-71.0801	2016-11-06 06:07:03.186	        6	72
20465032	aeaa51e8-e78d-40b7-91c4-88e957c39de4	42.3503	-71.0571	2016-11-06 06:07:01.886	        9	225
20465141	aeaa51e8-e78d-40b7-91c4-88e957c39de4	42.347	-71.094	2016-11-06 06:09:01.512	            6	209
20465144	aeaa51e8-e78d-40b7-91c4-88e957c39de4	42.347	-71.0945	2016-11-06 06:09:02.368	        6	65
20465146	aeaa51e8-e78d-40b7-91c4-88e957c39de4	42.3472	-71.0944	2016-11-06 06:09:04.885     	6	209
20465153	aeaa51e8-e78d-40b7-91c4-88e957c39de4	42.3472	-71.0944	2016-11-06 06:09:13.67	        6	209
20465194	aeaa51e8-e78d-40b7-91c4-88e957c39de4	42.3472	-71.0944	2016-11-06 06:09:44.472	        6	209
20464696	b8bb9db8-3d36-4eb1-af5f-f9e2840e22df	42.3827	-71.0901	2016-11-06 06:01:59.176	        7	210
20464722	b8bb9db8-3d36-4eb1-af5f-f9e2840e22df	42.3827	-71.0901	2016-11-06 06:02:24.863	        7	210
20464883	b8bb9db8-3d36-4eb1-af5f-f9e2840e22df	42.3827	-71.0903	2016-11-06 06:05:04.925	        7	210
20464899	b8bb9db8-3d36-4eb1-af5f-f9e2840e22df	42.3827	-71.0903	2016-11-06 06:05:16.736	        7	210
20465150	c55299aa-4a80-4ee5-8b8f-966de1f26da5	42.3528	-71.1306	2016-11-06 06:09:06.411	        5	193
20465158	c55299aa-4a80-4ee5-8b8f-966de1f26da5	42.3528	-71.1305	2016-11-06 06:09:15.986	        5	193
20465190	c55299aa-4a80-4ee5-8b8f-966de1f26da5	42.3528	-71.1305	2016-11-06 06:09:47.685	        5	193
20464864	cc5e57c4-354c-47db-a887-ddca099f2f67	42.3347	-71.0755	2016-11-06 06:04:49.842	        6	216
20465097	cc5e57c4-354c-47db-a887-ddca099f2f67	42.3347	-71.0755	2016-11-06 06:08:15.81	        6	216
20464775	d3b248fd-b7c8-45c9-9cbf-1b060918a2fd	42.3636	-71.0184	2016-11-06 06:03:14.876     	9	94
20465109	d3b248fd-b7c8-45c9-9cbf-1b060918a2fd	42.3636	-71.0184	2016-11-06 06:08:30.316	        9	94
20465195	d3b248fd-b7c8-45c9-9cbf-1b060918a2fd	42.3636	-71.0184	2016-11-06 06:09:44.477	        9	94
20464768	d72d2e49-39b2-4dd5-94ff-ecafa172bc2e	42.4234	-71.1331	2016-11-06 06:03:10.585787		
20464798	d72d2e49-39b2-4dd5-94ff-ecafa172bc2e	42.4234	-71.1331	2016-11-06 06:03:59.956979		
20464802	d72d2e49-39b2-4dd5-94ff-ecafa172bc2e	42.4234	-71.1331	2016-11-06 06:04:03.861151		
20464818	d72d2e49-39b2-4dd5-94ff-ecafa172bc2e	42.3467	-71.0802	2016-11-06 06:04:20.619	        6	72
20464830	d72d2e49-39b2-4dd5-94ff-ecafa172bc2e	42.3465	-71.0809	2016-11-06 06:04:28.566	        6	72
20464835	d72d2e49-39b2-4dd5-94ff-ecafa172bc2e	42.3469	-71.0808	2016-11-06 06:04:30.196     	6	72
20464843	d72d2e49-39b2-4dd5-94ff-ecafa172bc2e	42.3471	-71.0809	2016-11-06 06:04:35.189	        6	72
20464845	d72d2e49-39b2-4dd5-94ff-ecafa172bc2e	42.3466	-71.0798	2016-11-06 06:04:38.03	        6	72
20464874	d72d2e49-39b2-4dd5-94ff-ecafa172bc2e	42.3466	-71.0798	2016-11-06 06:04:54.914	        6	72
20465090	d72d2e49-39b2-4dd5-94ff-ecafa172bc2e	42.3466	-71.0798	2016-11-06 06:07:58.174	        6	72
20465124	d72d2e49-39b2-4dd5-94ff-ecafa172bc2e	42.3466	-71.0798	2016-11-06 06:08:38.168     	6	72
20465166	d72d2e49-39b2-4dd5-94ff-ecafa172bc2e	42.3466	-71.0798	2016-11-06 06:09:29.461	        6	72
20464641	de70ed2d-5c19-4fdb-b074-5587f3e0144e	42.3298	-71.0574	2016-11-06 06:00:59.008	        11	224
20464670	df300b60-abae-42fa-a686-fbd8e51795ac	42.3451	-71.082	2016-11-06 06:01:40.055         	6	72
20464681	df300b60-abae-42fa-a686-fbd8e51795ac	42.3451	-71.082	2016-11-06 06:01:47.554         	6	72
20464740	df300b60-abae-42fa-a686-fbd8e51795ac	42.3451	-71.082	2016-11-06 06:02:40.605	            6	72
20465112	e6745d16-83ed-4d49-b37e-9e144e0c0fb5	42.3464	-71.0881	2016-11-06 06:08:34.556	        6	72
20465114	e6745d16-83ed-4d49-b37e-9e144e0c0fb5	42.3465	-71.088	2016-11-06 06:08:36.048	            6	72
20465140	e6745d16-83ed-4d49-b37e-9e144e0c0fb5	42.3497	-71.0929	2016-11-06 06:09:01.299     	6	209
20465161	e6745d16-83ed-4d49-b37e-9e144e0c0fb5	42.3473	-71.0924	2016-11-06 06:09:21.746	        6	72
20464751	eb834bb4-e79e-48c7-bc3e-5c7af8843457	42.2663	-71.1155	2016-11-06 06:02:49.773605		
20464851	eb834bb4-e79e-48c7-bc3e-5c7af8843457	42.3503	-71.0571	2016-11-06 06:04:44.799	        9	225
20464865	eb834bb4-e79e-48c7-bc3e-5c7af8843457	42.3381	-71.076	2016-11-06 06:04:51.902	            6	72
20464872	eb834bb4-e79e-48c7-bc3e-5c7af8843457	42.3273	-71.0765	2016-11-06 06:04:53.213	        6	216
20464873	eb834bb4-e79e-48c7-bc3e-5c7af8843457	42.3232	-71.0783	2016-11-06 06:04:53.905	        8	71
20464880	eb834bb4-e79e-48c7-bc3e-5c7af8843457	42.2553	-71.1184	2016-11-06 06:05:03.158623		
20464889	eb834bb4-e79e-48c7-bc3e-5c7af8843457	42.259	-71.119	2016-11-06 06:05:08.973467		
20464891	eb834bb4-e79e-48c7-bc3e-5c7af8843457	42.2632	-71.1175	2016-11-06 06:05:09.714794		
20464892	eb834bb4-e79e-48c7-bc3e-5c7af8843457	42.267	-71.1165	2016-11-06 06:05:10.374516		
20464897	eb834bb4-e79e-48c7-bc3e-5c7af8843457	42.2672	-71.1124	2016-11-06 06:05:13.231551		
20464903	eb834bb4-e79e-48c7-bc3e-5c7af8843457	42.2672	-71.1126	2016-11-06 06:05:14.304906		
20464909	eb834bb4-e79e-48c7-bc3e-5c7af8843457	42.2667	-71.1141	2016-11-06 06:05:20.149435		
20464912	eb834bb4-e79e-48c7-bc3e-5c7af8843457	42.2663	-71.1155	2016-11-06 06:05:21.62903		
20464919	eb834bb4-e79e-48c7-bc3e-5c7af8843457	42.2663	-71.1155	2016-11-06 06:05:29.644063		
20464665	fb8f6958-489c-4d1e-a6b1-3d54c777f2ac	42.3299	-71.0931	2016-11-06 06:01:35.567     	6	208
20464673	fb8f6958-489c-4d1e-a6b1-3d54c777f2ac	42.2814	-71.0869	2016-11-06 06:01:41.967604		
20464748	fb8f6958-489c-4d1e-a6b1-3d54c777f2ac	42.1925	-71.0917	2016-11-06 06:02:44.201038		
20464749	fb8f6958-489c-4d1e-a6b1-3d54c777f2ac	42.2813	-71.0871	2016-11-06 06:02:49.723242		
20464875	fb8f6958-489c-4d1e-a6b1-3d54c777f2ac	42.2812	-71.0874	2016-11-06 06:04:55.188249		
20464876	fb8f6958-489c-4d1e-a6b1-3d54c777f2ac	42.2809	-71.0876	2016-11-06 06:04:59.171449		
20464921	fb8f6958-489c-4d1e-a6b1-3d54c777f2ac	42.278	-71.0907	2016-11-06 06:05:33.630801		
20464945	fb8f6958-489c-4d1e-a6b1-3d54c777f2ac	42.2778	-71.091	2016-11-06 06:05:52.195076		
20464954	fb8f6958-489c-4d1e-a6b1-3d54c777f2ac	42.2776	-71.0907	2016-11-06 06:05:57.210891		
20464958	fb8f6958-489c-4d1e-a6b1-3d54c777f2ac	42.2774	-71.0906	2016-11-06 06:06:01.213048		
20464967	fb8f6958-489c-4d1e-a6b1-3d54c777f2ac	42.2768	-71.0911	2016-11-06 06:06:04.87847		
20464963	fb8f6958-489c-4d1e-a6b1-3d54c777f2ac	42.2771	-71.0908	2016-11-06 06:06:05.212863		
20464970	fb8f6958-489c-4d1e-a6b1-3d54c777f2ac	42.2766	-71.0912	2016-11-06 06:06:10.231379		
20464973	fb8f6958-489c-4d1e-a6b1-3d54c777f2ac	42.2764	-71.0915	2016-11-06 06:06:13.229129		
20464976	fb8f6958-489c-4d1e-a6b1-3d54c777f2ac	42.2761	-71.0917	2016-11-06 06:06:16.196847		
20464985	fb8f6958-489c-4d1e-a6b1-3d54c777f2ac	42.2759	-71.0919	2016-11-06 06:06:19.190278		
20464992	fb8f6958-489c-4d1e-a6b1-3d54c777f2ac	42.2757	-71.0921	2016-11-06 06:06:22.23847		
20465002	fb8f6958-489c-4d1e-a6b1-3d54c777f2ac	42.2755	-71.0924	2016-11-06 06:06:30.219082		
20465006	fb8f6958-489c-4d1e-a6b1-3d54c777f2ac	42.2753	-71.0923	2016-11-06 06:06:33.243237		
20465015	fb8f6958-489c-4d1e-a6b1-3d54c777f2ac	42.2742	-71.092	2016-11-06 06:06:34.895412		
20465016	fb8f6958-489c-4d1e-a6b1-3d54c777f2ac	42.2739	-71.092	2016-11-06 06:06:34.898042		
20465009	fb8f6958-489c-4d1e-a6b1-3d54c777f2ac	42.275	-71.0922	2016-11-06 06:06:36.217524		
20465010	fb8f6958-489c-4d1e-a6b1-3d54c777f2ac	42.2748	-71.0922	2016-11-06 06:06:38.202867		
20465014	fb8f6958-489c-4d1e-a6b1-3d54c777f2ac	42.2745	-71.0921	2016-11-06 06:06:41.219511		
20465017	fb8f6958-489c-4d1e-a6b1-3d54c777f2ac	42.2737	-71.092	2016-11-06 06:06:48.220413		
20465019	fb8f6958-489c-4d1e-a6b1-3d54c777f2ac	42.2734	-71.092	2016-11-06 06:06:50.212407		
20465022	fb8f6958-489c-4d1e-a6b1-3d54c777f2ac	42.2731	-71.0919	2016-11-06 06:06:52.214631		
20465023	fb8f6958-489c-4d1e-a6b1-3d54c777f2ac	42.2729	-71.0919	2016-11-06 06:06:54.204635		
20465024	fb8f6958-489c-4d1e-a6b1-3d54c777f2ac	42.2726	-71.0919	2016-11-06 06:06:56.174783		
20465025	fb8f6958-489c-4d1e-a6b1-3d54c777f2ac	42.2724	-71.092	2016-11-06 06:06:58.162267		
20465031	fb8f6958-489c-4d1e-a6b1-3d54c777f2ac	42.2721	-71.092	2016-11-06 06:06:59.36997		
20465041	fb8f6958-489c-4d1e-a6b1-3d54c777f2ac	42.2721	-71.092	2016-11-06 06:07:24.400392		


Выкидываем отсюда не уникальные записи, остается их 25:

ID          customer_id                             latitude longitude  event_timestamp         polygon_id  hexagon_id
20464603	0331cd8e-476d-4baa-a03b-a4d512716fca	42.3632	-71.018	    2016-11-06 06:00:11.854	        9	94
20465091	03cfcc77-083d-4c34-9239-bfcbcd3dad25	42.3493	-71.1007	2016-11-06 06:08:03.003     	6	65
20464800	10e30455-347c-45b9-a06b-27ab2d10a53c	42.3503	-71.0571	2016-11-06 06:03:49.805	        9	225
20464718	1e0eb8d4-7817-406b-9032-532559f612c1	42.3503	-71.0571	2016-11-06 06:02:22.667	        9	225
20464988	2b11fd26-9f3f-4f08-b252-cac49c958e06	42.3615	-71.0571	2016-11-06 06:06:20.826	        9	225
20464626	35a1e8d8-6931-456a-a93c-52bbce57f3ca	42.2785	-71.0904	2016-11-06 06:00:35.485351
20464809	4c23e609-49a6-4afc-9b80-8030c558ae30	42.3155	-71.063	    2016-11-06 06:04:08.409	        8	78
20465145	66899a54-2d95-4f9a-b9fd-32cd00824853	42.3782	-71.1567	2016-11-06 06:09:02.978	        3	186
20465094	673e6573-8b9f-4227-b756-4ffcda6fd8b0	42.2113	-71.1425	2016-11-06 06:07:59.406521
20464620	8e871e47-337a-4f7b-84de-2556053b5c44	42.3452	-71.0971	2016-11-06 06:00:29.452	        6	65
20465202	9afe0990-00a0-437c-99dd-78352e00dc96	42.3561	-71.0632	2016-11-06 06:09:53.65	        9	225
20465173	9c59a4b2-d39c-4b72-987a-8fa23a86f087	42.3503	-71.0571	2016-11-06 06:09:35.934	        9	225
20464647	a01281b3-6671-470b-a1db-7f5be47c6823	42.3572	-71.06	2016-11-06 06:01:16.065	            9	225
20465033	a13c1658-4415-4eb9-9a60-854e26a16f1d	42.3493	-71.0801	2016-11-06 06:07:03.186	        6	72
20465032	aeaa51e8-e78d-40b7-91c4-88e957c39de4	42.3503	-71.0571	2016-11-06 06:07:01.886	        9	225
20464696	b8bb9db8-3d36-4eb1-af5f-f9e2840e22df	42.3827	-71.0901	2016-11-06 06:01:59.176	        7	210
20465150	c55299aa-4a80-4ee5-8b8f-966de1f26da5	42.3528	-71.1306	2016-11-06 06:09:06.411	        5	193
20464864	cc5e57c4-354c-47db-a887-ddca099f2f67	42.3347	-71.0755	2016-11-06 06:04:49.842	        6	216
20464775	d3b248fd-b7c8-45c9-9cbf-1b060918a2fd	42.3636	-71.0184	2016-11-06 06:03:14.876     	9	94
20464768	d72d2e49-39b2-4dd5-94ff-ecafa172bc2e	42.4234	-71.1331	2016-11-06 06:03:10.585787
20464641	de70ed2d-5c19-4fdb-b074-5587f3e0144e	42.3298	-71.0574	2016-11-06 06:00:59.008	        11	224
20464670	df300b60-abae-42fa-a686-fbd8e51795ac	42.3451	-71.082	2016-11-06 06:01:40.055         	6	72
20465112	e6745d16-83ed-4d49-b37e-9e144e0c0fb5	42.3464	-71.0881	2016-11-06 06:08:34.556	        6	72
20464751	eb834bb4-e79e-48c7-bc3e-5c7af8843457	42.2663	-71.1155	2016-11-06 06:02:49.773605
20464665	fb8f6958-489c-4d1e-a6b1-3d54c777f2ac	42.3299	-71.0931	2016-11-06 06:01:35.567     	6	208

среди них нет ни одного интача из 1 полигона, значит мое утверждение что "expected 0" правильное